2026-02-09 15:02:05,734 - INFO - scheme='Bearer' credentials='eyJhbGciOiJIUzI1NiIsInR5cCI6IkpXVCJ9.eyJuYW1lIjoiXHVkNjM4XHViOWFjXHVjNWQwXHVjMGMxIiwiaXNzIjoiRURVIiwic3ViIjoiMTkiLCJpYXQiOjE3NzA2MTY1ODEsImV4cCI6MTc3MDYxODM4MX0.50we3zeLPBQ-3QuSiG2O7F7CFX7jjG9Z-jwN0RoOzVs'
2026-02-09 15:02:05,735 - INFO - Bearer
2026-02-09 15:02:05,735 - INFO - eyJhbGciOiJIUzI1NiIsInR5cCI6IkpXVCJ9.eyJuYW1lIjoiXHVkNjM4XHViOWFjXHVjNWQwXHVjMGMxIiwiaXNzIjoiRURVIiwic3ViIjoiMTkiLCJpYXQiOjE3NzA2MTY1ODEsImV4cCI6MTc3MDYxODM4MX0.50we3zeLPBQ-3QuSiG2O7F7CFX7jjG9Z-jwN0RoOzVs
2026-02-09 15:02:05,735 - INFO - Token 유효 시간 : 24 분 15 초
2026-02-09 15:19:49,483 - INFO - scheme='Bearer' credentials='eyJhbGciOiJIUzI1NiIsInR5cCI6IkpXVCJ9.eyJuYW1lIjoiXHVkNjM4XHViOWFjXHVjNWQwXHVjMGMxIiwiaXNzIjoiRURVIiwic3ViIjoiMTkiLCJpYXQiOjE3NzA2MTY1ODEsImV4cCI6MTc3MDYxODM4MX0.50we3zeLPBQ-3QuSiG2O7F7CFX7jjG9Z-jwN0RoOzVs'
2026-02-09 15:19:49,484 - INFO - Bearer
2026-02-09 15:19:49,484 - INFO - eyJhbGciOiJIUzI1NiIsInR5cCI6IkpXVCJ9.eyJuYW1lIjoiXHVkNjM4XHViOWFjXHVjNWQwXHVjMGMxIiwiaXNzIjoiRURVIiwic3ViIjoiMTkiLCJpYXQiOjE3NzA2MTY1ODEsImV4cCI6MTc3MDYxODM4MX0.50we3zeLPBQ-3QuSiG2O7F7CFX7jjG9Z-jwN0RoOzVs
2026-02-09 15:19:49,484 - INFO - Token 유효 시간 : 6 분 31 초
2026-02-09 15:19:53,521 - INFO - scheme='Bearer' credentials='eyJhbGciOiJIUzI1NiIsInR5cCI6IkpXVCJ9.eyJuYW1lIjoiXHVkNjM4XHViOWFjXHVjNWQwXHVjMGMxIiwiaXNzIjoiRURVIiwic3ViIjoiMTkiLCJpYXQiOjE3NzA2MTY1ODEsImV4cCI6MTc3MDYxODM4MX0.50we3zeLPBQ-3QuSiG2O7F7CFX7jjG9Z-jwN0RoOzVs'
2026-02-09 15:19:53,522 - INFO - Bearer
2026-02-09 15:19:53,522 - INFO - eyJhbGciOiJIUzI1NiIsInR5cCI6IkpXVCJ9.eyJuYW1lIjoiXHVkNjM4XHViOWFjXHVjNWQwXHVjMGMxIiwiaXNzIjoiRURVIiwic3ViIjoiMTkiLCJpYXQiOjE3NzA2MTY1ODEsImV4cCI6MTc3MDYxODM4MX0.50we3zeLPBQ-3QuSiG2O7F7CFX7jjG9Z-jwN0RoOzVs
2026-02-09 15:19:53,522 - INFO - Token 유효 시간 : 6 분 27 초
2026-02-09 15:19:55,968 - INFO - scheme='Bearer' credentials='eyJhbGciOiJIUzI1NiIsInR5cCI6IkpXVCJ9.eyJuYW1lIjoiXHVkNjM4XHViOWFjXHVjNWQwXHVjMGMxIiwiaXNzIjoiRURVIiwic3ViIjoiMTkiLCJpYXQiOjE3NzA2MTY1ODEsImV4cCI6MTc3MDYxODM4MX0.50we3zeLPBQ-3QuSiG2O7F7CFX7jjG9Z-jwN0RoOzVs'
2026-02-09 15:19:55,969 - INFO - Bearer
2026-02-09 15:19:55,969 - INFO - eyJhbGciOiJIUzI1NiIsInR5cCI6IkpXVCJ9.eyJuYW1lIjoiXHVkNjM4XHViOWFjXHVjNWQwXHVjMGMxIiwiaXNzIjoiRURVIiwic3ViIjoiMTkiLCJpYXQiOjE3NzA2MTY1ODEsImV4cCI6MTc3MDYxODM4MX0.50we3zeLPBQ-3QuSiG2O7F7CFX7jjG9Z-jwN0RoOzVs
2026-02-09 15:19:55,969 - INFO - Token 유효 시간 : 6 분 25 초
2026-02-09 15:20:00,779 - INFO - scheme='Bearer' credentials='eyJhbGciOiJIUzI1NiIsInR5cCI6IkpXVCJ9.eyJuYW1lIjoiXHVkNjM4XHViOWFjXHVjNWQwXHVjMGMxIiwiaXNzIjoiRURVIiwic3ViIjoiMTkiLCJpYXQiOjE3NzA2MTY1ODEsImV4cCI6MTc3MDYxODM4MX0.50we3zeLPBQ-3QuSiG2O7F7CFX7jjG9Z-jwN0RoOzVs'
2026-02-09 15:20:00,779 - INFO - Bearer
2026-02-09 15:20:00,779 - INFO - eyJhbGciOiJIUzI1NiIsInR5cCI6IkpXVCJ9.eyJuYW1lIjoiXHVkNjM4XHViOWFjXHVjNWQwXHVjMGMxIiwiaXNzIjoiRURVIiwic3ViIjoiMTkiLCJpYXQiOjE3NzA2MTY1ODEsImV4cCI6MTc3MDYxODM4MX0.50we3zeLPBQ-3QuSiG2O7F7CFX7jjG9Z-jwN0RoOzVs
2026-02-09 15:20:00,780 - INFO - Token 유효 시간 : 6 분 20 초
2026-02-09 15:20:17,121 - INFO - scheme='Bearer' credentials='eyJhbGciOiJIUzI1NiIsInR5cCI6IkpXVCJ9.eyJuYW1lIjoiXHVkNjM4XHViOWFjXHVjNWQwXHVjMGMxIiwiaXNzIjoiRURVIiwic3ViIjoiMTkiLCJpYXQiOjE3NzA2MTc5NjEsImV4cCI6MTc3MDYxOTc2MX0.3vLsESpFNWd9zNNkradm_beJomZrDOfjoqje9-Zc2Do'
2026-02-09 15:20:17,121 - INFO - Bearer
2026-02-09 15:20:17,121 - INFO - eyJhbGciOiJIUzI1NiIsInR5cCI6IkpXVCJ9.eyJuYW1lIjoiXHVkNjM4XHViOWFjXHVjNWQwXHVjMGMxIiwiaXNzIjoiRURVIiwic3ViIjoiMTkiLCJpYXQiOjE3NzA2MTc5NjEsImV4cCI6MTc3MDYxOTc2MX0.3vLsESpFNWd9zNNkradm_beJomZrDOfjoqje9-Zc2Do
2026-02-09 15:20:17,122 - INFO - Token 유효 시간 : 29 분 3 초
2026-02-09 15:31:07,949 - INFO - scheme='Bearer' credentials='eyJhbGciOiJIUzI1NiIsInR5cCI6IkpXVCJ9.eyJuYW1lIjoiXHVkNjM4XHViOWFjXHVjNWQwXHVjMGMxIiwiaXNzIjoiRURVIiwic3ViIjoiMTkiLCJpYXQiOjE3NzA2MTc5NjEsImV4cCI6MTc3MDYxOTc2MX0.3vLsESpFNWd9zNNkradm_beJomZrDOfjoqje9-Zc2Do'
2026-02-09 15:31:07,949 - INFO - Bearer
2026-02-09 15:31:07,949 - INFO - eyJhbGciOiJIUzI1NiIsInR5cCI6IkpXVCJ9.eyJuYW1lIjoiXHVkNjM4XHViOWFjXHVjNWQwXHVjMGMxIiwiaXNzIjoiRURVIiwic3ViIjoiMTkiLCJpYXQiOjE3NzA2MTc5NjEsImV4cCI6MTc3MDYxOTc2MX0.3vLsESpFNWd9zNNkradm_beJomZrDOfjoqje9-Zc2Do
2026-02-09 15:31:07,949 - INFO - Token 유효 시간 : 18 분 13 초
2026-02-09 15:31:16,752 - INFO - scheme='Bearer' credentials='eyJhbGciOiJIUzI1NiIsInR5cCI6IkpXVCJ9.eyJuYW1lIjoiXHVkNjM4XHViOWFjXHVjNWQwXHVjMGMxIiwiaXNzIjoiRURVIiwic3ViIjoiMTkiLCJpYXQiOjE3NzA2MTc5NjEsImV4cCI6MTc3MDYxOTc2MX0.3vLsESpFNWd9zNNkradm_beJomZrDOfjoqje9-Zc2Do'
2026-02-09 15:31:16,752 - INFO - Bearer
2026-02-09 15:31:16,752 - INFO - eyJhbGciOiJIUzI1NiIsInR5cCI6IkpXVCJ9.eyJuYW1lIjoiXHVkNjM4XHViOWFjXHVjNWQwXHVjMGMxIiwiaXNzIjoiRURVIiwic3ViIjoiMTkiLCJpYXQiOjE3NzA2MTc5NjEsImV4cCI6MTc3MDYxOTc2MX0.3vLsESpFNWd9zNNkradm_beJomZrDOfjoqje9-Zc2Do
2026-02-09 15:31:16,752 - INFO - Token 유효 시간 : 18 분 4 초
2026-02-09 15:35:33,436 - INFO - Shutting down
2026-02-09 15:35:33,545 - INFO - Waiting for application shutdown.
2026-02-09 15:35:33,546 - INFO - Application shutdown complete.
2026-02-09 15:35:33,547 - INFO - Finished server process [17608]
2026-02-09 15:35:49,082 - INFO - scheme='Bearer' credentials='eyJhbGciOiJIUzI1NiIsInR5cCI6IkpXVCJ9.eyJuYW1lIjoiXHVkNjM4XHViOWFjXHVjNWQwXHVjMGMxIiwiaXNzIjoiRURVIiwic3ViIjoiMTkiLCJpYXQiOjE3NzA2MTc5NjEsImV4cCI6MTc3MDYxOTc2MX0.3vLsESpFNWd9zNNkradm_beJomZrDOfjoqje9-Zc2Do'
2026-02-09 15:35:49,083 - INFO - Bearer
2026-02-09 15:35:49,083 - INFO - eyJhbGciOiJIUzI1NiIsInR5cCI6IkpXVCJ9.eyJuYW1lIjoiXHVkNjM4XHViOWFjXHVjNWQwXHVjMGMxIiwiaXNzIjoiRURVIiwic3ViIjoiMTkiLCJpYXQiOjE3NzA2MTc5NjEsImV4cCI6MTc3MDYxOTc2MX0.3vLsESpFNWd9zNNkradm_beJomZrDOfjoqje9-Zc2Do
2026-02-09 15:35:49,083 - INFO - Token 유효 시간 : 13 분 31 초
2026-02-09 15:35:54,296 - INFO - scheme='Bearer' credentials='eyJhbGciOiJIUzI1NiIsInR5cCI6IkpXVCJ9.eyJuYW1lIjoiXHVkNjM4XHViOWFjXHVjNWQwXHVjMGMxIiwiaXNzIjoiRURVIiwic3ViIjoiMTkiLCJpYXQiOjE3NzA2MTc5NjEsImV4cCI6MTc3MDYxOTc2MX0.3vLsESpFNWd9zNNkradm_beJomZrDOfjoqje9-Zc2Do'
2026-02-09 15:35:54,296 - INFO - Bearer
2026-02-09 15:35:54,296 - INFO - eyJhbGciOiJIUzI1NiIsInR5cCI6IkpXVCJ9.eyJuYW1lIjoiXHVkNjM4XHViOWFjXHVjNWQwXHVjMGMxIiwiaXNzIjoiRURVIiwic3ViIjoiMTkiLCJpYXQiOjE3NzA2MTc5NjEsImV4cCI6MTc3MDYxOTc2MX0.3vLsESpFNWd9zNNkradm_beJomZrDOfjoqje9-Zc2Do
2026-02-09 15:35:54,296 - INFO - Token 유효 시간 : 13 분 26 초
2026-02-09 15:35:57,879 - INFO - scheme='Bearer' credentials='eyJhbGciOiJIUzI1NiIsInR5cCI6IkpXVCJ9.eyJuYW1lIjoiXHVkNjM4XHViOWFjXHVjNWQwXHVjMGMxIiwiaXNzIjoiRURVIiwic3ViIjoiMTkiLCJpYXQiOjE3NzA2MTc5NjEsImV4cCI6MTc3MDYxOTc2MX0.3vLsESpFNWd9zNNkradm_beJomZrDOfjoqje9-Zc2Do'
2026-02-09 15:35:57,879 - INFO - Bearer
2026-02-09 15:35:57,879 - INFO - eyJhbGciOiJIUzI1NiIsInR5cCI6IkpXVCJ9.eyJuYW1lIjoiXHVkNjM4XHViOWFjXHVjNWQwXHVjMGMxIiwiaXNzIjoiRURVIiwic3ViIjoiMTkiLCJpYXQiOjE3NzA2MTc5NjEsImV4cCI6MTc3MDYxOTc2MX0.3vLsESpFNWd9zNNkradm_beJomZrDOfjoqje9-Zc2Do
2026-02-09 15:35:57,879 - INFO - Token 유효 시간 : 13 분 23 초
2026-02-09 15:38:01,364 - INFO - Shutting down
2026-02-09 15:38:01,472 - INFO - Waiting for application shutdown.
2026-02-09 15:38:01,472 - INFO - Application shutdown complete.
2026-02-09 15:38:01,473 - INFO - Finished server process [8704]
2026-02-09 15:39:51,639 - INFO - scheme='Bearer' credentials='eyJhbGciOiJIUzI1NiIsInR5cCI6IkpXVCJ9.eyJuYW1lIjoiXHVkNjM4XHViOWFjXHVjNWQwXHVjMGMxIiwiaXNzIjoiRURVIiwic3ViIjoiMTkiLCJpYXQiOjE3NzA2MTc5NjEsImV4cCI6MTc3MDYxOTc2MX0.3vLsESpFNWd9zNNkradm_beJomZrDOfjoqje9-Zc2Do'
2026-02-09 15:39:51,639 - INFO - Bearer
2026-02-09 15:39:51,639 - INFO - eyJhbGciOiJIUzI1NiIsInR5cCI6IkpXVCJ9.eyJuYW1lIjoiXHVkNjM4XHViOWFjXHVjNWQwXHVjMGMxIiwiaXNzIjoiRURVIiwic3ViIjoiMTkiLCJpYXQiOjE3NzA2MTc5NjEsImV4cCI6MTc3MDYxOTc2MX0.3vLsESpFNWd9zNNkradm_beJomZrDOfjoqje9-Zc2Do
2026-02-09 15:39:51,639 - INFO - Token 유효 시간 : 9 분 29 초
2026-02-09 15:42:04,611 - INFO - Shutting down
2026-02-09 15:42:04,719 - INFO - Waiting for application shutdown.
2026-02-09 15:42:04,720 - INFO - Application shutdown complete.
2026-02-09 15:42:04,721 - INFO - Finished server process [19508]
2026-02-09 15:42:18,647 - INFO - scheme='Bearer' credentials='eyJhbGciOiJIUzI1NiIsInR5cCI6IkpXVCJ9.eyJuYW1lIjoiXHVkNjM4XHViOWFjXHVjNWQwXHVjMGMxIiwiaXNzIjoiRURVIiwic3ViIjoiMTkiLCJpYXQiOjE3NzA2MTc5NjEsImV4cCI6MTc3MDYxOTc2MX0.3vLsESpFNWd9zNNkradm_beJomZrDOfjoqje9-Zc2Do'
2026-02-09 15:42:18,647 - INFO - Bearer
2026-02-09 15:42:18,647 - INFO - eyJhbGciOiJIUzI1NiIsInR5cCI6IkpXVCJ9.eyJuYW1lIjoiXHVkNjM4XHViOWFjXHVjNWQwXHVjMGMxIiwiaXNzIjoiRURVIiwic3ViIjoiMTkiLCJpYXQiOjE3NzA2MTc5NjEsImV4cCI6MTc3MDYxOTc2MX0.3vLsESpFNWd9zNNkradm_beJomZrDOfjoqje9-Zc2Do
2026-02-09 15:42:18,647 - INFO - Token 유효 시간 : 7 분 2 초
2026-02-09 15:47:14,051 - INFO - <BrokerConnection client_id=kafka-python-producer-1, node_id=1 host=localhost:9092 <connecting> [IPv6 ('::1', 9092, 0, 0)]>: connecting to localhost:9092 [('::1', 9092, 0, 0) IPv6]
2026-02-09 15:47:14,051 - INFO - <BrokerConnection client_id=kafka-python-producer-1, node_id=1 host=localhost:9092 <connected> [IPv6 ('::1', 9092, 0, 0)]>: Connection complete.
2026-02-09 15:47:14,051 - INFO - <BrokerConnection client_id=kafka-python-producer-1, node_id=bootstrap-0 host=localhost:9092 <connected> [IPv6 ('::1', 9092, 0, 0)]>: Closing connection. 
2026-02-09 16:00:23,923 - INFO - Shutting down
2026-02-09 16:00:24,031 - INFO - Waiting for application shutdown.
2026-02-09 16:00:24,033 - INFO - Application shutdown complete.
2026-02-09 16:00:24,034 - INFO - Finished server process [17352]
2026-02-09 16:01:04,011 - INFO - scheme='Bearer' credentials='eyJhbGciOiJIUzI1NiIsInR5cCI6IkpXVCJ9.eyJuYW1lIjoiXHVkNjM4XHViOWFjXHVjNWQwXHVjMGMxIiwiaXNzIjoiRURVIiwic3ViIjoiMTkiLCJpYXQiOjE3NzA2MTc5NjEsImV4cCI6MTc3MDYxOTc2MX0.3vLsESpFNWd9zNNkradm_beJomZrDOfjoqje9-Zc2Do'
2026-02-09 16:01:04,012 - INFO - Bearer
2026-02-09 16:01:04,012 - INFO - eyJhbGciOiJIUzI1NiIsInR5cCI6IkpXVCJ9.eyJuYW1lIjoiXHVkNjM4XHViOWFjXHVjNWQwXHVjMGMxIiwiaXNzIjoiRURVIiwic3ViIjoiMTkiLCJpYXQiOjE3NzA2MTc5NjEsImV4cCI6MTc3MDYxOTc2MX0.3vLsESpFNWd9zNNkradm_beJomZrDOfjoqje9-Zc2Do
2026-02-09 16:01:04,012 - INFO - JWT EXPIRED : Signature has expired.
2026-02-09 16:05:36,397 - INFO - <BrokerConnection client_id=kafka-python-producer-1, node_id=1 host=localhost:9092 <connecting> [IPv6 ('::1', 9092, 0, 0)]>: connecting to localhost:9092 [('::1', 9092, 0, 0) IPv6]
2026-02-09 16:05:36,399 - INFO - <BrokerConnection client_id=kafka-python-producer-1, node_id=1 host=localhost:9092 <connected> [IPv6 ('::1', 9092, 0, 0)]>: Connection complete.
2026-02-09 16:05:36,399 - INFO - <BrokerConnection client_id=kafka-python-producer-1, node_id=bootstrap-0 host=localhost:9092 <connected> [IPv6 ('::1', 9092, 0, 0)]>: Closing connection. 
2026-02-09 16:13:39,552 - INFO - Shutting down
2026-02-09 16:13:39,662 - INFO - Waiting for application shutdown.
2026-02-09 16:13:39,665 - INFO - Application shutdown complete.
2026-02-09 16:13:39,668 - INFO - Finished server process [21120]
2026-02-09 16:55:21,070 - INFO - scheme='Bearer' credentials='eyJhbGciOiJIUzI1NiIsInR5cCI6IkpXVCJ9.eyJuYW1lIjoiXHVkNjM4XHViOWFjXHVjNWQwXHVjMGMxIiwiaXNzIjoiRURVIiwic3ViIjoiMTkiLCJpYXQiOjE3NzA2MjM3MTgsImV4cCI6MTc3MDYyNTUxOH0.Zh3XaC8FpWXlVpmQ1nCfHKFNkWIFdXwQxfPmS5R-kCM'
2026-02-09 16:55:21,070 - INFO - Bearer
2026-02-09 16:55:21,070 - INFO - eyJhbGciOiJIUzI1NiIsInR5cCI6IkpXVCJ9.eyJuYW1lIjoiXHVkNjM4XHViOWFjXHVjNWQwXHVjMGMxIiwiaXNzIjoiRURVIiwic3ViIjoiMTkiLCJpYXQiOjE3NzA2MjM3MTgsImV4cCI6MTc3MDYyNTUxOH0.Zh3XaC8FpWXlVpmQ1nCfHKFNkWIFdXwQxfPmS5R-kCM
2026-02-09 16:55:21,070 - INFO - Token 유효 시간 : 29 분 56 초
2026-02-09 17:02:10,838 - INFO - scheme='Bearer' credentials='eyJhbGciOiJIUzI1NiIsInR5cCI6IkpXVCJ9.eyJuYW1lIjoiXHVkNjM4XHViOWFjXHVjNWQwXHVjMGMxIiwiaXNzIjoiRURVIiwic3ViIjoiMTkiLCJpYXQiOjE3NzA2MjQxMTksImV4cCI6MTc3MDYyNTkxOX0.bs-0zxWvh9YMafyiZ3W-enuJ5DjtT5uWrtGrjqcDKGw'
2026-02-09 17:02:10,838 - INFO - Bearer
2026-02-09 17:02:10,839 - INFO - eyJhbGciOiJIUzI1NiIsInR5cCI6IkpXVCJ9.eyJuYW1lIjoiXHVkNjM4XHViOWFjXHVjNWQwXHVjMGMxIiwiaXNzIjoiRURVIiwic3ViIjoiMTkiLCJpYXQiOjE3NzA2MjQxMTksImV4cCI6MTc3MDYyNTkxOX0.bs-0zxWvh9YMafyiZ3W-enuJ5DjtT5uWrtGrjqcDKGw
2026-02-09 17:02:10,839 - INFO - Token 유효 시간 : 29 분 48 초
2026-02-09 18:00:12,409 - INFO - Shutting down
2026-02-09 18:00:12,535 - INFO - Waiting for application shutdown.
2026-02-09 18:00:12,547 - INFO - Application shutdown complete.
2026-02-09 18:00:12,553 - INFO - Finished server process [15024]
